<?xml version="1.0" encoding="UTF-8"?>
<!-- Generated by org.testng.reporters.JUnitReportReporter -->
<testsuite hostname="LAPTOP-I160KRR8" failures="0" tests="1" name="testCases.TC002_LoginTest" time="4.236" errors="0" timestamp="2024-08-15T11:15:10 CEST" skipped="0">
  <testcase classname="testCases.TC002_LoginTest" name="verifyLogin" time="4.236"/>
</testsuite> <!-- testCases.TC002_LoginTest -->
