<?xml version="1.0" encoding="UTF-8"?>
<!-- Generated by org.testng.reporters.JUnitReportReporter -->
<testsuite hostname="LAPTOP-I160KRR8" failures="0" tests="1" name="testCases.TC001_AccountRegistrationTest" time="11.973" errors="0" timestamp="2024-08-15T11:30:34 CEST" skipped="0">
  <testcase classname="testCases.TC001_AccountRegistrationTest" name="verify_account_registration" time="11.973"/>
</testsuite> <!-- testCases.TC001_AccountRegistrationTest -->
