<?xml version="1.0" encoding="UTF-8"?>
<!-- Generated by org.testng.reporters.JUnitReportReporter -->
<testsuite hostname="LAPTOP-I160KRR8" failures="0" tests="1" name="testCases.TC004_SearchProductTest" time="31.663" errors="0" timestamp="2024-08-15T11:30:34 CEST" skipped="0">
  <testcase classname="testCases.TC004_SearchProductTest" name="verifySearchProduct" time="31.663"/>
</testsuite> <!-- testCases.TC004_SearchProductTest -->
