<?xml version="1.0" encoding="UTF-8"?>
<!-- Generated by org.testng.reporters.JUnitReportReporter -->
<testsuite hostname="LAPTOP-I160KRR8" failures="0" tests="5" name="testCases.TC003_LoginDDTest" time="53.401" errors="0" timestamp="2024-08-12T16:09:36 CEST" skipped="0">
  <testcase classname="testCases.TC003_LoginDDTest" name="verifyLoginDDT" time="13.416"/>
  <testcase classname="testCases.TC003_LoginDDTest" name="verifyLoginDDT" time="11.746"/>
  <testcase classname="testCases.TC003_LoginDDTest" name="verifyLoginDDT" time="3.476"/>
  <testcase classname="testCases.TC003_LoginDDTest" name="verifyLoginDDT" time="12.866"/>
  <testcase classname="testCases.TC003_LoginDDTest" name="verifyLoginDDT" time="11.897"/>
</testsuite> <!-- testCases.TC003_LoginDDTest -->
